C:\Users\pimeg\Documents\pims-webshop\pims-webshop\ClientApp\dist\out-tsc\src\app\app.component.js
C:\Users\pimeg\Documents\pims-webshop\pims-webshop\ClientApp\dist\out-tsc\src\app\app.component.js.map
C:\Users\pimeg\Documents\pims-webshop\pims-webshop\ClientApp\dist\out-tsc\src\app\shared\navigation\navigation.component.js
C:\Users\pimeg\Documents\pims-webshop\pims-webshop\ClientApp\dist\out-tsc\src\app\shared\navigation\navigation.component.js.map
C:\Users\pimeg\Documents\pims-webshop\pims-webshop\ClientApp\dist\out-tsc\src\app\shared\shared.module.js
C:\Users\pimeg\Documents\pims-webshop\pims-webshop\ClientApp\dist\out-tsc\src\app\shared\shared.module.js.map
C:\Users\pimeg\Documents\pims-webshop\pims-webshop\ClientApp\dist\out-tsc\src\app\products\products.component.js
C:\Users\pimeg\Documents\pims-webshop\pims-webshop\ClientApp\dist\out-tsc\src\app\products\products.component.js.map
C:\Users\pimeg\Documents\pims-webshop\pims-webshop\ClientApp\dist\out-tsc\src\app\routes\routes.module.js
C:\Users\pimeg\Documents\pims-webshop\pims-webshop\ClientApp\dist\out-tsc\src\app\routes\routes.module.js.map
C:\Users\pimeg\Documents\pims-webshop\pims-webshop\ClientApp\dist\out-tsc\src\app\products\product\product.component.js
C:\Users\pimeg\Documents\pims-webshop\pims-webshop\ClientApp\dist\out-tsc\src\app\products\product\product.component.js.map
C:\Users\pimeg\Documents\pims-webshop\pims-webshop\ClientApp\dist\out-tsc\src\app\products\product-list\product-list.component.js
C:\Users\pimeg\Documents\pims-webshop\pims-webshop\ClientApp\dist\out-tsc\src\app\products\product-list\product-list.component.js.map
C:\Users\pimeg\Documents\pims-webshop\pims-webshop\ClientApp\dist\out-tsc\src\app\products\product-filter\product-filter.component.js
C:\Users\pimeg\Documents\pims-webshop\pims-webshop\ClientApp\dist\out-tsc\src\app\products\product-filter\product-filter.component.js.map
C:\Users\pimeg\Documents\pims-webshop\pims-webshop\ClientApp\dist\out-tsc\src\app\products\products.module.js
C:\Users\pimeg\Documents\pims-webshop\pims-webshop\ClientApp\dist\out-tsc\src\app\products\products.module.js.map
C:\Users\pimeg\Documents\pims-webshop\pims-webshop\ClientApp\dist\out-tsc\src\app\app.module.js
C:\Users\pimeg\Documents\pims-webshop\pims-webshop\ClientApp\dist\out-tsc\src\app\app.module.js.map
C:\Users\pimeg\Documents\pims-webshop\pims-webshop\ClientApp\dist\out-tsc\src\environments\environment.js
C:\Users\pimeg\Documents\pims-webshop\pims-webshop\ClientApp\dist\out-tsc\src\environments\environment.js.map
C:\Users\pimeg\Documents\pims-webshop\pims-webshop\ClientApp\dist\out-tsc\src\main.js
C:\Users\pimeg\Documents\pims-webshop\pims-webshop\ClientApp\dist\out-tsc\src\main.js.map
C:\Users\pimeg\Documents\pims-webshop\pims-webshop\ClientApp\dist\out-tsc\src\polyfills.js
C:\Users\pimeg\Documents\pims-webshop\pims-webshop\ClientApp\dist\out-tsc\src\polyfills.js.map
C:\Users\pimeg\Documents\pims-webshop\pims-webshop\ClientApp\dist\out-tsc\src\test.js
C:\Users\pimeg\Documents\pims-webshop\pims-webshop\ClientApp\dist\out-tsc\src\test.js.map
C:\Users\pimeg\Documents\pims-webshop\pims-webshop\ClientApp\dist\out-tsc\src\environments\environment.prod.js
C:\Users\pimeg\Documents\pims-webshop\pims-webshop\ClientApp\dist\out-tsc\src\environments\environment.prod.js.map
C:\Users\pimeg\Documents\pims-webshop\pims-webshop\ClientApp\dist\out-tsc\src\app\app.component.spec.js
C:\Users\pimeg\Documents\pims-webshop\pims-webshop\ClientApp\dist\out-tsc\src\app\app.component.spec.js.map
C:\Users\pimeg\Documents\pims-webshop\pims-webshop\ClientApp\dist\out-tsc\src\app\shared\navigation\navigation.component.spec.js
C:\Users\pimeg\Documents\pims-webshop\pims-webshop\ClientApp\dist\out-tsc\src\app\shared\navigation\navigation.component.spec.js.map
C:\Users\pimeg\Documents\pims-webshop\pims-webshop\ClientApp\dist\out-tsc\src\app\products\products.component.spec.js
C:\Users\pimeg\Documents\pims-webshop\pims-webshop\ClientApp\dist\out-tsc\src\app\products\products.component.spec.js.map
C:\Users\pimeg\Documents\pims-webshop\pims-webshop\ClientApp\dist\out-tsc\src\app\products\product-list\product-list.component.spec.js
C:\Users\pimeg\Documents\pims-webshop\pims-webshop\ClientApp\dist\out-tsc\src\app\products\product-list\product-list.component.spec.js.map
C:\Users\pimeg\Documents\pims-webshop\pims-webshop\ClientApp\dist\out-tsc\src\app\products\product-filter\product-filter.component.spec.js
C:\Users\pimeg\Documents\pims-webshop\pims-webshop\ClientApp\dist\out-tsc\src\app\products\product-filter\product-filter.component.spec.js.map
C:\Users\pimeg\Documents\pims-webshop\pims-webshop\ClientApp\dist\out-tsc\src\app\products\product\product.component.spec.js
C:\Users\pimeg\Documents\pims-webshop\pims-webshop\ClientApp\dist\out-tsc\src\app\products\product\product.component.spec.js.map
C:\Users\pimeg\Documents\pims-webshop\pims-webshop\ClientApp\dist\out-tsc\e2e\src\app.po.js
C:\Users\pimeg\Documents\pims-webshop\pims-webshop\ClientApp\dist\out-tsc\e2e\src\app.po.js.map
C:\Users\pimeg\Documents\pims-webshop\pims-webshop\ClientApp\dist\out-tsc\e2e\src\app.e2e-spec.js
C:\Users\pimeg\Documents\pims-webshop\pims-webshop\ClientApp\dist\out-tsc\e2e\src\app.e2e-spec.js.map
C:\Users\pimeg\Documents\pims-webshop\pims-webshop\ClientApp\dist\out-tsc\src\app\app.component.js
C:\Users\pimeg\Documents\pims-webshop\pims-webshop\ClientApp\dist\out-tsc\src\app\app.component.js.map
C:\Users\pimeg\Documents\pims-webshop\pims-webshop\ClientApp\dist\out-tsc\src\app\shared\navigation\navigation.component.js
C:\Users\pimeg\Documents\pims-webshop\pims-webshop\ClientApp\dist\out-tsc\src\app\shared\navigation\navigation.component.js.map
C:\Users\pimeg\Documents\pims-webshop\pims-webshop\ClientApp\dist\out-tsc\src\app\shared\shared.module.js
C:\Users\pimeg\Documents\pims-webshop\pims-webshop\ClientApp\dist\out-tsc\src\app\shared\shared.module.js.map
C:\Users\pimeg\Documents\pims-webshop\pims-webshop\ClientApp\dist\out-tsc\src\app\products\products.component.js
C:\Users\pimeg\Documents\pims-webshop\pims-webshop\ClientApp\dist\out-tsc\src\app\products\products.component.js.map
C:\Users\pimeg\Documents\pims-webshop\pims-webshop\ClientApp\dist\out-tsc\src\app\routes\routes.module.js
C:\Users\pimeg\Documents\pims-webshop\pims-webshop\ClientApp\dist\out-tsc\src\app\routes\routes.module.js.map
C:\Users\pimeg\Documents\pims-webshop\pims-webshop\ClientApp\dist\out-tsc\src\app\products\product\product.component.js
C:\Users\pimeg\Documents\pims-webshop\pims-webshop\ClientApp\dist\out-tsc\src\app\products\product\product.component.js.map
C:\Users\pimeg\Documents\pims-webshop\pims-webshop\ClientApp\dist\out-tsc\src\app\products\product-list\product-list.component.js
C:\Users\pimeg\Documents\pims-webshop\pims-webshop\ClientApp\dist\out-tsc\src\app\products\product-list\product-list.component.js.map
C:\Users\pimeg\Documents\pims-webshop\pims-webshop\ClientApp\dist\out-tsc\src\app\products\product-filter\product-filter.component.js
C:\Users\pimeg\Documents\pims-webshop\pims-webshop\ClientApp\dist\out-tsc\src\app\products\product-filter\product-filter.component.js.map
C:\Users\pimeg\Documents\pims-webshop\pims-webshop\ClientApp\dist\out-tsc\src\app\products\products.module.js
C:\Users\pimeg\Documents\pims-webshop\pims-webshop\ClientApp\dist\out-tsc\src\app\products\products.module.js.map
C:\Users\pimeg\Documents\pims-webshop\pims-webshop\ClientApp\dist\out-tsc\src\app\app.module.js
C:\Users\pimeg\Documents\pims-webshop\pims-webshop\ClientApp\dist\out-tsc\src\app\app.module.js.map
C:\Users\pimeg\Documents\pims-webshop\pims-webshop\ClientApp\dist\out-tsc\src\environments\environment.js
C:\Users\pimeg\Documents\pims-webshop\pims-webshop\ClientApp\dist\out-tsc\src\environments\environment.js.map
C:\Users\pimeg\Documents\pims-webshop\pims-webshop\ClientApp\dist\out-tsc\src\main.js
C:\Users\pimeg\Documents\pims-webshop\pims-webshop\ClientApp\dist\out-tsc\src\main.js.map
C:\Users\pimeg\Documents\pims-webshop\pims-webshop\ClientApp\dist\out-tsc\src\polyfills.js
C:\Users\pimeg\Documents\pims-webshop\pims-webshop\ClientApp\dist\out-tsc\src\polyfills.js.map
C:\Users\pimeg\Documents\pims-webshop\pims-webshop\ClientApp\dist\out-tsc\src\test.js
C:\Users\pimeg\Documents\pims-webshop\pims-webshop\ClientApp\dist\out-tsc\src\test.js.map
C:\Users\pimeg\Documents\pims-webshop\pims-webshop\ClientApp\dist\out-tsc\src\environments\environment.prod.js
C:\Users\pimeg\Documents\pims-webshop\pims-webshop\ClientApp\dist\out-tsc\src\environments\environment.prod.js.map
C:\Users\pimeg\Documents\pims-webshop\pims-webshop\ClientApp\dist\out-tsc\src\app\app.component.spec.js
C:\Users\pimeg\Documents\pims-webshop\pims-webshop\ClientApp\dist\out-tsc\src\app\app.component.spec.js.map
C:\Users\pimeg\Documents\pims-webshop\pims-webshop\ClientApp\dist\out-tsc\src\app\shared\navigation\navigation.component.spec.js
C:\Users\pimeg\Documents\pims-webshop\pims-webshop\ClientApp\dist\out-tsc\src\app\shared\navigation\navigation.component.spec.js.map
C:\Users\pimeg\Documents\pims-webshop\pims-webshop\ClientApp\dist\out-tsc\src\app\products\products.component.spec.js
C:\Users\pimeg\Documents\pims-webshop\pims-webshop\ClientApp\dist\out-tsc\src\app\products\products.component.spec.js.map
C:\Users\pimeg\Documents\pims-webshop\pims-webshop\ClientApp\dist\out-tsc\src\app\products\product-list\product-list.component.spec.js
C:\Users\pimeg\Documents\pims-webshop\pims-webshop\ClientApp\dist\out-tsc\src\app\products\product-list\product-list.component.spec.js.map
C:\Users\pimeg\Documents\pims-webshop\pims-webshop\ClientApp\dist\out-tsc\src\app\products\product-filter\product-filter.component.spec.js
C:\Users\pimeg\Documents\pims-webshop\pims-webshop\ClientApp\dist\out-tsc\src\app\products\product-filter\product-filter.component.spec.js.map
C:\Users\pimeg\Documents\pims-webshop\pims-webshop\ClientApp\dist\out-tsc\src\app\products\product\product.component.spec.js
C:\Users\pimeg\Documents\pims-webshop\pims-webshop\ClientApp\dist\out-tsc\src\app\products\product\product.component.spec.js.map
C:\Users\pimeg\Documents\pims-webshop\pims-webshop\ClientApp\dist\out-tsc\e2e\src\app.po.js
C:\Users\pimeg\Documents\pims-webshop\pims-webshop\ClientApp\dist\out-tsc\e2e\src\app.po.js.map
C:\Users\pimeg\Documents\pims-webshop\pims-webshop\ClientApp\dist\out-tsc\e2e\src\app.e2e-spec.js
C:\Users\pimeg\Documents\pims-webshop\pims-webshop\ClientApp\dist\out-tsc\e2e\src\app.e2e-spec.js.map
C:\Users\pimeg\Documents\pims-webshop\pims-webshop\ClientApp\dist\out-tsc\src\app\app.component.js
C:\Users\pimeg\Documents\pims-webshop\pims-webshop\ClientApp\dist\out-tsc\src\app\app.component.js.map
C:\Users\pimeg\Documents\pims-webshop\pims-webshop\ClientApp\dist\out-tsc\src\app\shared\navigation\navigation.component.js
C:\Users\pimeg\Documents\pims-webshop\pims-webshop\ClientApp\dist\out-tsc\src\app\shared\navigation\navigation.component.js.map
C:\Users\pimeg\Documents\pims-webshop\pims-webshop\ClientApp\dist\out-tsc\src\app\shared\shared.module.js
C:\Users\pimeg\Documents\pims-webshop\pims-webshop\ClientApp\dist\out-tsc\src\app\shared\shared.module.js.map
C:\Users\pimeg\Documents\pims-webshop\pims-webshop\ClientApp\dist\out-tsc\src\app\products\products.component.js
C:\Users\pimeg\Documents\pims-webshop\pims-webshop\ClientApp\dist\out-tsc\src\app\products\products.component.js.map
C:\Users\pimeg\Documents\pims-webshop\pims-webshop\ClientApp\dist\out-tsc\src\app\routes\routes.module.js
C:\Users\pimeg\Documents\pims-webshop\pims-webshop\ClientApp\dist\out-tsc\src\app\routes\routes.module.js.map
C:\Users\pimeg\Documents\pims-webshop\pims-webshop\ClientApp\dist\out-tsc\src\app\products\product\product.component.js
C:\Users\pimeg\Documents\pims-webshop\pims-webshop\ClientApp\dist\out-tsc\src\app\products\product\product.component.js.map
C:\Users\pimeg\Documents\pims-webshop\pims-webshop\ClientApp\dist\out-tsc\src\app\products\product-list\product-list.component.js
C:\Users\pimeg\Documents\pims-webshop\pims-webshop\ClientApp\dist\out-tsc\src\app\products\product-list\product-list.component.js.map
C:\Users\pimeg\Documents\pims-webshop\pims-webshop\ClientApp\dist\out-tsc\src\app\products\product-filter\product-filter.component.js
C:\Users\pimeg\Documents\pims-webshop\pims-webshop\ClientApp\dist\out-tsc\src\app\products\product-filter\product-filter.component.js.map
C:\Users\pimeg\Documents\pims-webshop\pims-webshop\ClientApp\dist\out-tsc\src\app\products\products.module.js
C:\Users\pimeg\Documents\pims-webshop\pims-webshop\ClientApp\dist\out-tsc\src\app\products\products.module.js.map
C:\Users\pimeg\Documents\pims-webshop\pims-webshop\ClientApp\dist\out-tsc\src\app\app.module.js
C:\Users\pimeg\Documents\pims-webshop\pims-webshop\ClientApp\dist\out-tsc\src\app\app.module.js.map
C:\Users\pimeg\Documents\pims-webshop\pims-webshop\ClientApp\dist\out-tsc\src\environments\environment.js
C:\Users\pimeg\Documents\pims-webshop\pims-webshop\ClientApp\dist\out-tsc\src\environments\environment.js.map
C:\Users\pimeg\Documents\pims-webshop\pims-webshop\ClientApp\dist\out-tsc\src\main.js
C:\Users\pimeg\Documents\pims-webshop\pims-webshop\ClientApp\dist\out-tsc\src\main.js.map
C:\Users\pimeg\Documents\pims-webshop\pims-webshop\ClientApp\dist\out-tsc\src\polyfills.js
C:\Users\pimeg\Documents\pims-webshop\pims-webshop\ClientApp\dist\out-tsc\src\polyfills.js.map
C:\Users\pimeg\Documents\pims-webshop\pims-webshop\ClientApp\dist\out-tsc\src\test.js
C:\Users\pimeg\Documents\pims-webshop\pims-webshop\ClientApp\dist\out-tsc\src\test.js.map
C:\Users\pimeg\Documents\pims-webshop\pims-webshop\ClientApp\dist\out-tsc\src\environments\environment.prod.js
C:\Users\pimeg\Documents\pims-webshop\pims-webshop\ClientApp\dist\out-tsc\src\environments\environment.prod.js.map
C:\Users\pimeg\Documents\pims-webshop\pims-webshop\ClientApp\dist\out-tsc\src\app\app.component.spec.js
C:\Users\pimeg\Documents\pims-webshop\pims-webshop\ClientApp\dist\out-tsc\src\app\app.component.spec.js.map
C:\Users\pimeg\Documents\pims-webshop\pims-webshop\ClientApp\dist\out-tsc\src\app\shared\navigation\navigation.component.spec.js
C:\Users\pimeg\Documents\pims-webshop\pims-webshop\ClientApp\dist\out-tsc\src\app\shared\navigation\navigation.component.spec.js.map
C:\Users\pimeg\Documents\pims-webshop\pims-webshop\ClientApp\dist\out-tsc\src\app\products\products.component.spec.js
C:\Users\pimeg\Documents\pims-webshop\pims-webshop\ClientApp\dist\out-tsc\src\app\products\products.component.spec.js.map
C:\Users\pimeg\Documents\pims-webshop\pims-webshop\ClientApp\dist\out-tsc\src\app\products\product-list\product-list.component.spec.js
C:\Users\pimeg\Documents\pims-webshop\pims-webshop\ClientApp\dist\out-tsc\src\app\products\product-list\product-list.component.spec.js.map
C:\Users\pimeg\Documents\pims-webshop\pims-webshop\ClientApp\dist\out-tsc\src\app\products\product-filter\product-filter.component.spec.js
C:\Users\pimeg\Documents\pims-webshop\pims-webshop\ClientApp\dist\out-tsc\src\app\products\product-filter\product-filter.component.spec.js.map
C:\Users\pimeg\Documents\pims-webshop\pims-webshop\ClientApp\dist\out-tsc\src\app\products\product\product.component.spec.js
C:\Users\pimeg\Documents\pims-webshop\pims-webshop\ClientApp\dist\out-tsc\src\app\products\product\product.component.spec.js.map
C:\Users\pimeg\Documents\pims-webshop\pims-webshop\ClientApp\dist\out-tsc\e2e\src\app.po.js
C:\Users\pimeg\Documents\pims-webshop\pims-webshop\ClientApp\dist\out-tsc\e2e\src\app.po.js.map
C:\Users\pimeg\Documents\pims-webshop\pims-webshop\ClientApp\dist\out-tsc\e2e\src\app.e2e-spec.js
C:\Users\pimeg\Documents\pims-webshop\pims-webshop\ClientApp\dist\out-tsc\e2e\src\app.e2e-spec.js.map
C:\Users\pimeg\Documents\pims-webshop\pims-webshop\ClientApp\dist\out-tsc\src\app\app.component.js
C:\Users\pimeg\Documents\pims-webshop\pims-webshop\ClientApp\dist\out-tsc\src\app\app.component.js.map
C:\Users\pimeg\Documents\pims-webshop\pims-webshop\ClientApp\dist\out-tsc\src\app\shared\navigation\navigation.component.js
C:\Users\pimeg\Documents\pims-webshop\pims-webshop\ClientApp\dist\out-tsc\src\app\shared\navigation\navigation.component.js.map
C:\Users\pimeg\Documents\pims-webshop\pims-webshop\ClientApp\dist\out-tsc\src\app\shared\shared.module.js
C:\Users\pimeg\Documents\pims-webshop\pims-webshop\ClientApp\dist\out-tsc\src\app\shared\shared.module.js.map
C:\Users\pimeg\Documents\pims-webshop\pims-webshop\ClientApp\dist\out-tsc\src\app\products\products.component.js
C:\Users\pimeg\Documents\pims-webshop\pims-webshop\ClientApp\dist\out-tsc\src\app\products\products.component.js.map
C:\Users\pimeg\Documents\pims-webshop\pims-webshop\ClientApp\dist\out-tsc\src\app\routes\routes.module.js
C:\Users\pimeg\Documents\pims-webshop\pims-webshop\ClientApp\dist\out-tsc\src\app\routes\routes.module.js.map
C:\Users\pimeg\Documents\pims-webshop\pims-webshop\ClientApp\dist\out-tsc\src\app\products\product\product.component.js
C:\Users\pimeg\Documents\pims-webshop\pims-webshop\ClientApp\dist\out-tsc\src\app\products\product\product.component.js.map
C:\Users\pimeg\Documents\pims-webshop\pims-webshop\ClientApp\dist\out-tsc\src\app\products\product-list\product-list.component.js
C:\Users\pimeg\Documents\pims-webshop\pims-webshop\ClientApp\dist\out-tsc\src\app\products\product-list\product-list.component.js.map
C:\Users\pimeg\Documents\pims-webshop\pims-webshop\ClientApp\dist\out-tsc\src\app\products\product-filter\product-filter.component.js
C:\Users\pimeg\Documents\pims-webshop\pims-webshop\ClientApp\dist\out-tsc\src\app\products\product-filter\product-filter.component.js.map
C:\Users\pimeg\Documents\pims-webshop\pims-webshop\ClientApp\dist\out-tsc\src\app\products\products.module.js
C:\Users\pimeg\Documents\pims-webshop\pims-webshop\ClientApp\dist\out-tsc\src\app\products\products.module.js.map
C:\Users\pimeg\Documents\pims-webshop\pims-webshop\ClientApp\dist\out-tsc\src\app\app.module.js
C:\Users\pimeg\Documents\pims-webshop\pims-webshop\ClientApp\dist\out-tsc\src\app\app.module.js.map
C:\Users\pimeg\Documents\pims-webshop\pims-webshop\ClientApp\dist\out-tsc\src\environments\environment.js
C:\Users\pimeg\Documents\pims-webshop\pims-webshop\ClientApp\dist\out-tsc\src\environments\environment.js.map
C:\Users\pimeg\Documents\pims-webshop\pims-webshop\ClientApp\dist\out-tsc\src\main.js
C:\Users\pimeg\Documents\pims-webshop\pims-webshop\ClientApp\dist\out-tsc\src\main.js.map
C:\Users\pimeg\Documents\pims-webshop\pims-webshop\ClientApp\dist\out-tsc\src\polyfills.js
C:\Users\pimeg\Documents\pims-webshop\pims-webshop\ClientApp\dist\out-tsc\src\polyfills.js.map
C:\Users\pimeg\Documents\pims-webshop\pims-webshop\ClientApp\dist\out-tsc\src\test.js
C:\Users\pimeg\Documents\pims-webshop\pims-webshop\ClientApp\dist\out-tsc\src\test.js.map
C:\Users\pimeg\Documents\pims-webshop\pims-webshop\ClientApp\dist\out-tsc\src\environments\environment.prod.js
C:\Users\pimeg\Documents\pims-webshop\pims-webshop\ClientApp\dist\out-tsc\src\environments\environment.prod.js.map
C:\Users\pimeg\Documents\pims-webshop\pims-webshop\ClientApp\dist\out-tsc\src\app\app.component.spec.js
C:\Users\pimeg\Documents\pims-webshop\pims-webshop\ClientApp\dist\out-tsc\src\app\app.component.spec.js.map
C:\Users\pimeg\Documents\pims-webshop\pims-webshop\ClientApp\dist\out-tsc\src\app\shared\navigation\navigation.component.spec.js
C:\Users\pimeg\Documents\pims-webshop\pims-webshop\ClientApp\dist\out-tsc\src\app\shared\navigation\navigation.component.spec.js.map
C:\Users\pimeg\Documents\pims-webshop\pims-webshop\ClientApp\dist\out-tsc\src\app\products\products.component.spec.js
C:\Users\pimeg\Documents\pims-webshop\pims-webshop\ClientApp\dist\out-tsc\src\app\products\products.component.spec.js.map
C:\Users\pimeg\Documents\pims-webshop\pims-webshop\ClientApp\dist\out-tsc\src\app\products\product-list\product-list.component.spec.js
C:\Users\pimeg\Documents\pims-webshop\pims-webshop\ClientApp\dist\out-tsc\src\app\products\product-list\product-list.component.spec.js.map
C:\Users\pimeg\Documents\pims-webshop\pims-webshop\ClientApp\dist\out-tsc\src\app\products\product-filter\product-filter.component.spec.js
C:\Users\pimeg\Documents\pims-webshop\pims-webshop\ClientApp\dist\out-tsc\src\app\products\product-filter\product-filter.component.spec.js.map
C:\Users\pimeg\Documents\pims-webshop\pims-webshop\ClientApp\dist\out-tsc\src\app\products\product\product.component.spec.js
C:\Users\pimeg\Documents\pims-webshop\pims-webshop\ClientApp\dist\out-tsc\src\app\products\product\product.component.spec.js.map
C:\Users\pimeg\Documents\pims-webshop\pims-webshop\ClientApp\dist\out-tsc\e2e\src\app.po.js
C:\Users\pimeg\Documents\pims-webshop\pims-webshop\ClientApp\dist\out-tsc\e2e\src\app.po.js.map
C:\Users\pimeg\Documents\pims-webshop\pims-webshop\ClientApp\dist\out-tsc\e2e\src\app.e2e-spec.js
C:\Users\pimeg\Documents\pims-webshop\pims-webshop\ClientApp\dist\out-tsc\e2e\src\app.e2e-spec.js.map
C:\Users\pimeg\Documents\pims-webshop\pims-webshop\ClientApp\dist\out-tsc\src\app\app.component.js
C:\Users\pimeg\Documents\pims-webshop\pims-webshop\ClientApp\dist\out-tsc\src\app\app.component.js.map
C:\Users\pimeg\Documents\pims-webshop\pims-webshop\ClientApp\dist\out-tsc\src\app\shared\navigation\navigation.component.js
C:\Users\pimeg\Documents\pims-webshop\pims-webshop\ClientApp\dist\out-tsc\src\app\shared\navigation\navigation.component.js.map
C:\Users\pimeg\Documents\pims-webshop\pims-webshop\ClientApp\dist\out-tsc\src\app\shared\shared.module.js
C:\Users\pimeg\Documents\pims-webshop\pims-webshop\ClientApp\dist\out-tsc\src\app\shared\shared.module.js.map
C:\Users\pimeg\Documents\pims-webshop\pims-webshop\ClientApp\dist\out-tsc\src\app\products\products.component.js
C:\Users\pimeg\Documents\pims-webshop\pims-webshop\ClientApp\dist\out-tsc\src\app\products\products.component.js.map
C:\Users\pimeg\Documents\pims-webshop\pims-webshop\ClientApp\dist\out-tsc\src\app\routes\routes.module.js
C:\Users\pimeg\Documents\pims-webshop\pims-webshop\ClientApp\dist\out-tsc\src\app\routes\routes.module.js.map
C:\Users\pimeg\Documents\pims-webshop\pims-webshop\ClientApp\dist\out-tsc\src\app\products\product\product.component.js
C:\Users\pimeg\Documents\pims-webshop\pims-webshop\ClientApp\dist\out-tsc\src\app\products\product\product.component.js.map
C:\Users\pimeg\Documents\pims-webshop\pims-webshop\ClientApp\dist\out-tsc\src\app\products\product-list\product-list.component.js
C:\Users\pimeg\Documents\pims-webshop\pims-webshop\ClientApp\dist\out-tsc\src\app\products\product-list\product-list.component.js.map
C:\Users\pimeg\Documents\pims-webshop\pims-webshop\ClientApp\dist\out-tsc\src\app\products\product-filter\product-filter.component.js
C:\Users\pimeg\Documents\pims-webshop\pims-webshop\ClientApp\dist\out-tsc\src\app\products\product-filter\product-filter.component.js.map
C:\Users\pimeg\Documents\pims-webshop\pims-webshop\ClientApp\dist\out-tsc\src\app\products\products.module.js
C:\Users\pimeg\Documents\pims-webshop\pims-webshop\ClientApp\dist\out-tsc\src\app\products\products.module.js.map
C:\Users\pimeg\Documents\pims-webshop\pims-webshop\ClientApp\dist\out-tsc\src\app\app.module.js
C:\Users\pimeg\Documents\pims-webshop\pims-webshop\ClientApp\dist\out-tsc\src\app\app.module.js.map
C:\Users\pimeg\Documents\pims-webshop\pims-webshop\ClientApp\dist\out-tsc\src\environments\environment.js
C:\Users\pimeg\Documents\pims-webshop\pims-webshop\ClientApp\dist\out-tsc\src\environments\environment.js.map
C:\Users\pimeg\Documents\pims-webshop\pims-webshop\ClientApp\dist\out-tsc\src\main.js
C:\Users\pimeg\Documents\pims-webshop\pims-webshop\ClientApp\dist\out-tsc\src\main.js.map
C:\Users\pimeg\Documents\pims-webshop\pims-webshop\ClientApp\dist\out-tsc\src\polyfills.js
C:\Users\pimeg\Documents\pims-webshop\pims-webshop\ClientApp\dist\out-tsc\src\polyfills.js.map
C:\Users\pimeg\Documents\pims-webshop\pims-webshop\ClientApp\dist\out-tsc\src\test.js
C:\Users\pimeg\Documents\pims-webshop\pims-webshop\ClientApp\dist\out-tsc\src\test.js.map
C:\Users\pimeg\Documents\pims-webshop\pims-webshop\ClientApp\dist\out-tsc\src\environments\environment.prod.js
C:\Users\pimeg\Documents\pims-webshop\pims-webshop\ClientApp\dist\out-tsc\src\environments\environment.prod.js.map
C:\Users\pimeg\Documents\pims-webshop\pims-webshop\ClientApp\dist\out-tsc\src\app\app.component.spec.js
C:\Users\pimeg\Documents\pims-webshop\pims-webshop\ClientApp\dist\out-tsc\src\app\app.component.spec.js.map
C:\Users\pimeg\Documents\pims-webshop\pims-webshop\ClientApp\dist\out-tsc\src\app\shared\navigation\navigation.component.spec.js
C:\Users\pimeg\Documents\pims-webshop\pims-webshop\ClientApp\dist\out-tsc\src\app\shared\navigation\navigation.component.spec.js.map
C:\Users\pimeg\Documents\pims-webshop\pims-webshop\ClientApp\dist\out-tsc\src\app\products\products.component.spec.js
C:\Users\pimeg\Documents\pims-webshop\pims-webshop\ClientApp\dist\out-tsc\src\app\products\products.component.spec.js.map
C:\Users\pimeg\Documents\pims-webshop\pims-webshop\ClientApp\dist\out-tsc\src\app\products\product-list\product-list.component.spec.js
C:\Users\pimeg\Documents\pims-webshop\pims-webshop\ClientApp\dist\out-tsc\src\app\products\product-list\product-list.component.spec.js.map
C:\Users\pimeg\Documents\pims-webshop\pims-webshop\ClientApp\dist\out-tsc\src\app\products\product-filter\product-filter.component.spec.js
C:\Users\pimeg\Documents\pims-webshop\pims-webshop\ClientApp\dist\out-tsc\src\app\products\product-filter\product-filter.component.spec.js.map
C:\Users\pimeg\Documents\pims-webshop\pims-webshop\ClientApp\dist\out-tsc\src\app\products\product\product.component.spec.js
C:\Users\pimeg\Documents\pims-webshop\pims-webshop\ClientApp\dist\out-tsc\src\app\products\product\product.component.spec.js.map
C:\Users\pimeg\Documents\pims-webshop\pims-webshop\ClientApp\dist\out-tsc\e2e\src\app.po.js
C:\Users\pimeg\Documents\pims-webshop\pims-webshop\ClientApp\dist\out-tsc\e2e\src\app.po.js.map
C:\Users\pimeg\Documents\pims-webshop\pims-webshop\ClientApp\dist\out-tsc\e2e\src\app.e2e-spec.js
C:\Users\pimeg\Documents\pims-webshop\pims-webshop\ClientApp\dist\out-tsc\e2e\src\app.e2e-spec.js.map
C:\Users\pimeg\Documents\pims-webshop\pims-webshop\ClientApp\dist\out-tsc\src\app\app.component.js
C:\Users\pimeg\Documents\pims-webshop\pims-webshop\ClientApp\dist\out-tsc\src\app\app.component.js.map
C:\Users\pimeg\Documents\pims-webshop\pims-webshop\ClientApp\dist\out-tsc\src\app\shared\navigation\navigation.component.js
C:\Users\pimeg\Documents\pims-webshop\pims-webshop\ClientApp\dist\out-tsc\src\app\shared\navigation\navigation.component.js.map
C:\Users\pimeg\Documents\pims-webshop\pims-webshop\ClientApp\dist\out-tsc\src\app\shared\shared.module.js
C:\Users\pimeg\Documents\pims-webshop\pims-webshop\ClientApp\dist\out-tsc\src\app\shared\shared.module.js.map
C:\Users\pimeg\Documents\pims-webshop\pims-webshop\ClientApp\dist\out-tsc\src\app\products\products.component.js
C:\Users\pimeg\Documents\pims-webshop\pims-webshop\ClientApp\dist\out-tsc\src\app\products\products.component.js.map
C:\Users\pimeg\Documents\pims-webshop\pims-webshop\ClientApp\dist\out-tsc\src\app\routes\routes.module.js
C:\Users\pimeg\Documents\pims-webshop\pims-webshop\ClientApp\dist\out-tsc\src\app\routes\routes.module.js.map
C:\Users\pimeg\Documents\pims-webshop\pims-webshop\ClientApp\dist\out-tsc\src\app\products\product\product.component.js
C:\Users\pimeg\Documents\pims-webshop\pims-webshop\ClientApp\dist\out-tsc\src\app\products\product\product.component.js.map
C:\Users\pimeg\Documents\pims-webshop\pims-webshop\ClientApp\dist\out-tsc\src\app\products\product-list\product-list.component.js
C:\Users\pimeg\Documents\pims-webshop\pims-webshop\ClientApp\dist\out-tsc\src\app\products\product-list\product-list.component.js.map
C:\Users\pimeg\Documents\pims-webshop\pims-webshop\ClientApp\dist\out-tsc\src\app\products\product-filter\product-filter.component.js
C:\Users\pimeg\Documents\pims-webshop\pims-webshop\ClientApp\dist\out-tsc\src\app\products\product-filter\product-filter.component.js.map
C:\Users\pimeg\Documents\pims-webshop\pims-webshop\ClientApp\dist\out-tsc\src\app\products\products.module.js
C:\Users\pimeg\Documents\pims-webshop\pims-webshop\ClientApp\dist\out-tsc\src\app\products\products.module.js.map
C:\Users\pimeg\Documents\pims-webshop\pims-webshop\ClientApp\dist\out-tsc\src\app\app.module.js
C:\Users\pimeg\Documents\pims-webshop\pims-webshop\ClientApp\dist\out-tsc\src\app\app.module.js.map
C:\Users\pimeg\Documents\pims-webshop\pims-webshop\ClientApp\dist\out-tsc\src\environments\environment.js
C:\Users\pimeg\Documents\pims-webshop\pims-webshop\ClientApp\dist\out-tsc\src\environments\environment.js.map
C:\Users\pimeg\Documents\pims-webshop\pims-webshop\ClientApp\dist\out-tsc\src\main.js
C:\Users\pimeg\Documents\pims-webshop\pims-webshop\ClientApp\dist\out-tsc\src\main.js.map
C:\Users\pimeg\Documents\pims-webshop\pims-webshop\ClientApp\dist\out-tsc\src\polyfills.js
C:\Users\pimeg\Documents\pims-webshop\pims-webshop\ClientApp\dist\out-tsc\src\polyfills.js.map
C:\Users\pimeg\Documents\pims-webshop\pims-webshop\ClientApp\dist\out-tsc\src\test.js
C:\Users\pimeg\Documents\pims-webshop\pims-webshop\ClientApp\dist\out-tsc\src\test.js.map
C:\Users\pimeg\Documents\pims-webshop\pims-webshop\ClientApp\dist\out-tsc\src\environments\environment.prod.js
C:\Users\pimeg\Documents\pims-webshop\pims-webshop\ClientApp\dist\out-tsc\src\environments\environment.prod.js.map
C:\Users\pimeg\Documents\pims-webshop\pims-webshop\ClientApp\dist\out-tsc\src\app\app.component.spec.js
C:\Users\pimeg\Documents\pims-webshop\pims-webshop\ClientApp\dist\out-tsc\src\app\app.component.spec.js.map
C:\Users\pimeg\Documents\pims-webshop\pims-webshop\ClientApp\dist\out-tsc\src\app\shared\navigation\navigation.component.spec.js
C:\Users\pimeg\Documents\pims-webshop\pims-webshop\ClientApp\dist\out-tsc\src\app\shared\navigation\navigation.component.spec.js.map
C:\Users\pimeg\Documents\pims-webshop\pims-webshop\ClientApp\dist\out-tsc\src\app\products\products.component.spec.js
C:\Users\pimeg\Documents\pims-webshop\pims-webshop\ClientApp\dist\out-tsc\src\app\products\products.component.spec.js.map
C:\Users\pimeg\Documents\pims-webshop\pims-webshop\ClientApp\dist\out-tsc\src\app\products\product-list\product-list.component.spec.js
C:\Users\pimeg\Documents\pims-webshop\pims-webshop\ClientApp\dist\out-tsc\src\app\products\product-list\product-list.component.spec.js.map
C:\Users\pimeg\Documents\pims-webshop\pims-webshop\ClientApp\dist\out-tsc\src\app\products\product-filter\product-filter.component.spec.js
C:\Users\pimeg\Documents\pims-webshop\pims-webshop\ClientApp\dist\out-tsc\src\app\products\product-filter\product-filter.component.spec.js.map
C:\Users\pimeg\Documents\pims-webshop\pims-webshop\ClientApp\dist\out-tsc\src\app\products\product\product.component.spec.js
C:\Users\pimeg\Documents\pims-webshop\pims-webshop\ClientApp\dist\out-tsc\src\app\products\product\product.component.spec.js.map
C:\Users\pimeg\Documents\pims-webshop\pims-webshop\ClientApp\dist\out-tsc\e2e\src\app.po.js
C:\Users\pimeg\Documents\pims-webshop\pims-webshop\ClientApp\dist\out-tsc\e2e\src\app.po.js.map
C:\Users\pimeg\Documents\pims-webshop\pims-webshop\ClientApp\dist\out-tsc\e2e\src\app.e2e-spec.js
C:\Users\pimeg\Documents\pims-webshop\pims-webshop\ClientApp\dist\out-tsc\e2e\src\app.e2e-spec.js.map
